2025-06-18 00:41:06,857 - gui.main_window - INFO - 正在初始化检测引擎...
2025-06-18 00:41:07,126 - gui.main_window - INFO - 检测引擎初始化完成
2025-06-18 00:41:28,398 - gui.main_window - INFO - 结果已清除
2025-06-18 00:41:28,401 - gui.main_window - INFO - 已加载图像: COCO_train2014_000000000109.jpg
2025-06-18 00:41:31,917 - gui.main_window - INFO - 正在进行检测...
2025-06-18 00:41:33,713 - gui.main_window - INFO - 检测完成
2025-06-18 00:41:41,719 - gui.main_window - INFO - 正在进行检测...
2025-06-18 00:41:41,777 - gui.main_window - INFO - 检测完成
2025-06-18 00:41:41,945 - gui.main_window - INFO - 正在进行检测...
2025-06-18 00:41:41,996 - gui.main_window - INFO - 检测完成
2025-06-18 00:41:42,182 - gui.main_window - INFO - 正在进行检测...
2025-06-18 00:41:42,242 - gui.main_window - INFO - 检测完成
2025-06-18 00:41:42,346 - gui.main_window - INFO - 正在进行检测...
2025-06-18 00:41:42,403 - gui.main_window - INFO - 检测完成
2025-06-18 00:41:55,398 - gui.main_window - INFO - 结果已清除
2025-06-18 00:41:56,232 - gui.main_window - INFO - 正在进行检测...
2025-06-18 00:41:56,289 - gui.main_window - INFO - 检测完成
2025-06-18 00:41:56,897 - gui.main_window - INFO - 正在进行检测...
2025-06-18 00:41:56,956 - gui.main_window - INFO - 检测完成
2025-06-18 00:41:57,046 - gui.main_window - INFO - 正在进行检测...
2025-06-18 00:41:57,098 - gui.main_window - INFO - 检测完成
2025-06-18 00:43:12,034 - gui.main_window - INFO - 正在初始化检测引擎...
2025-06-18 00:43:12,303 - gui.main_window - INFO - 检测引擎初始化完成
2025-06-18 00:43:21,854 - gui.main_window - INFO - 结果已清除
2025-06-18 00:43:21,855 - gui.main_window - INFO - 已加载图像: COCO_train2014_000000000605.jpg
2025-06-18 00:43:30,741 - gui.main_window - INFO - 正在进行检测...
2025-06-18 00:43:32,523 - gui.main_window - INFO - 检测完成
2025-06-18 00:44:09,035 - gui.main_window - INFO - 用户中断程序
2025-06-18 00:44:42,104 - gui.main_window - INFO - 正在初始化检测引擎...
2025-06-18 00:44:42,360 - gui.main_window - INFO - 检测引擎初始化完成
2025-06-18 00:45:00,599 - gui.main_window - INFO - 结果已清除
2025-06-18 00:45:00,599 - gui.main_window - INFO - 已加载图像: COCO_train2014_000000003361.jpg
2025-06-18 00:45:17,400 - gui.main_window - INFO - 正在进行检测...
2025-06-18 00:45:19,216 - gui.main_window - INFO - 检测完成
2025-06-18 00:46:58,731 - gui.main_window - INFO - 用户中断程序
2025-06-18 01:08:31,178 - gui.main_window - INFO - 正在初始化检测引擎...
2025-06-18 01:08:33,767 - gui.main_window - INFO - 检测引擎初始化完成
2025-06-18 01:08:43,593 - gui.main_window - INFO - 结果已清除
2025-06-18 01:08:43,595 - gui.main_window - INFO - 已加载图像: COCO_train2014_000000000064.jpg
2025-06-18 01:08:48,114 - gui.main_window - INFO - 正在进行检测...
2025-06-18 01:08:48,115 - gui.main_window - INFO - 正在执行YOLO检测...
2025-06-18 01:08:48,310 - gui.main_window - INFO - 正在绘制检测结果...
2025-06-18 01:08:48,311 - gui.main_window - INFO - 正在提取信息...
2025-06-18 01:08:48,489 - gui.main_window - INFO - 检测完成
2025-06-18 01:09:13,367 - gui.main_window - INFO - 正在进行检测...
2025-06-18 01:09:13,368 - gui.main_window - INFO - 正在执行YOLO检测...
2025-06-18 01:09:13,504 - gui.main_window - INFO - 正在绘制检测结果...
2025-06-18 01:09:13,504 - gui.main_window - INFO - 正在提取信息...
2025-06-18 01:09:13,661 - gui.main_window - INFO - 检测完成
2025-06-18 01:09:17,759 - gui.main_window - INFO - 结果已清除
2025-06-18 01:09:44,963 - gui.main_window - INFO - 结果已清除
2025-06-18 01:09:44,964 - gui.main_window - INFO - 已加载图像: 0282925037198-01_N95-2592x1944_scaledTo640x480bilinear_jpg.rf.07713d3c9762150fbf3500510fce7343.jpg
2025-06-18 01:09:47,573 - gui.main_window - INFO - 正在进行检测...
2025-06-18 01:09:47,574 - gui.main_window - INFO - 正在执行YOLO检测...
2025-06-18 01:09:47,739 - gui.main_window - INFO - 正在绘制检测结果...
2025-06-18 01:09:47,740 - gui.main_window - INFO - 正在提取信息...
2025-06-18 01:09:47,817 - gui.main_window - INFO - 检测完成
2025-06-18 01:10:18,557 - gui.main_window - INFO - 正在进行检测...
2025-06-18 01:10:18,558 - gui.main_window - INFO - 正在执行YOLO检测...
2025-06-18 01:10:18,721 - gui.main_window - INFO - 正在绘制检测结果...
2025-06-18 01:10:18,722 - gui.main_window - INFO - 正在提取信息...
2025-06-18 01:10:18,795 - gui.main_window - INFO - 检测完成
2025-06-18 01:11:13,855 - gui.main_window - INFO - 结果已清除
2025-06-18 01:11:13,855 - gui.main_window - INFO - 已加载图像: 01-event-sterling-banner-1_png_jpg.rf.295863df4e334bc754612c3cbe8f6e4f.jpg
2025-06-18 01:11:15,513 - gui.main_window - INFO - 正在进行检测...
2025-06-18 01:11:15,514 - gui.main_window - INFO - 正在执行YOLO检测...
2025-06-18 01:11:15,677 - gui.main_window - INFO - 正在绘制检测结果...
2025-06-18 01:11:15,678 - gui.main_window - INFO - 正在提取信息...
2025-06-18 01:11:15,789 - gui.main_window - INFO - 检测完成
2025-06-18 01:11:45,925 - gui.main_window - INFO - 结果已清除
2025-06-18 01:11:45,925 - gui.main_window - INFO - 已加载图像: train_000001.jpg
2025-06-18 01:11:48,869 - gui.main_window - INFO - 正在进行检测...
2025-06-18 01:11:48,870 - gui.main_window - INFO - 正在执行YOLO检测...
2025-06-18 01:11:49,002 - gui.main_window - INFO - 正在绘制检测结果...
2025-06-18 01:11:49,003 - gui.main_window - INFO - 正在提取信息...
2025-06-18 01:11:49,045 - gui.main_window - INFO - 检测完成
2025-06-18 01:11:57,575 - gui.main_window - INFO - 正在进行检测...
2025-06-18 01:11:57,577 - gui.main_window - INFO - 正在执行YOLO检测...
2025-06-18 01:11:57,702 - gui.main_window - INFO - 正在绘制检测结果...
2025-06-18 01:11:57,702 - gui.main_window - INFO - 正在提取信息...
2025-06-18 01:11:57,741 - gui.main_window - INFO - 检测完成
2025-06-18 01:11:58,168 - gui.main_window - INFO - 正在进行检测...
2025-06-18 01:11:58,169 - gui.main_window - INFO - 正在执行YOLO检测...
2025-06-18 01:11:58,291 - gui.main_window - INFO - 正在绘制检测结果...
2025-06-18 01:11:58,291 - gui.main_window - INFO - 正在提取信息...
2025-06-18 01:11:58,335 - gui.main_window - INFO - 检测完成
2025-06-18 01:12:00,322 - gui.main_window - INFO - 正在进行检测...
2025-06-18 01:12:00,323 - gui.main_window - INFO - 正在执行YOLO检测...
2025-06-18 01:12:00,451 - gui.main_window - INFO - 正在绘制检测结果...
2025-06-18 01:12:00,451 - gui.main_window - INFO - 正在提取信息...
2025-06-18 01:12:00,491 - gui.main_window - INFO - 检测完成
2025-06-18 01:12:00,641 - gui.main_window - INFO - 正在进行检测...
2025-06-18 01:12:00,641 - gui.main_window - INFO - 正在执行YOLO检测...
2025-06-18 01:12:00,751 - gui.main_window - INFO - 正在绘制检测结果...
2025-06-18 01:12:00,751 - gui.main_window - INFO - 正在提取信息...
2025-06-18 01:12:00,792 - gui.main_window - INFO - 检测完成
2025-06-18 01:12:06,050 - gui.main_window - INFO - 正在进行检测...
2025-06-18 01:12:06,052 - gui.main_window - INFO - 正在执行YOLO检测...
2025-06-18 01:12:06,177 - gui.main_window - INFO - 正在绘制检测结果...
2025-06-18 01:12:06,178 - gui.main_window - INFO - 正在提取信息...
2025-06-18 01:12:06,220 - gui.main_window - INFO - 检测完成
2025-06-18 01:12:11,652 - gui.main_window - INFO - 结果已清除
2025-06-18 01:12:11,652 - gui.main_window - INFO - 已加载图像: train_000023.jpg
2025-06-18 01:12:12,702 - gui.main_window - INFO - 正在进行检测...
2025-06-18 01:12:12,702 - gui.main_window - INFO - 正在执行YOLO检测...
2025-06-18 01:12:12,829 - gui.main_window - INFO - 正在绘制检测结果...
2025-06-18 01:12:12,829 - gui.main_window - INFO - 正在提取信息...
2025-06-18 01:12:12,884 - gui.main_window - INFO - 检测完成
2025-06-18 01:12:15,505 - gui.main_window - INFO - 正在进行检测...
2025-06-18 01:12:15,506 - gui.main_window - INFO - 正在执行YOLO检测...
2025-06-18 01:12:15,637 - gui.main_window - INFO - 正在绘制检测结果...
2025-06-18 01:12:15,637 - gui.main_window - INFO - 正在提取信息...
2025-06-18 01:12:15,687 - gui.main_window - INFO - 检测完成
2025-06-18 01:12:18,696 - gui.main_window - INFO - 正在进行检测...
2025-06-18 01:12:18,697 - gui.main_window - INFO - 正在执行YOLO检测...
2025-06-18 01:12:18,822 - gui.main_window - INFO - 正在绘制检测结果...
2025-06-18 01:12:18,823 - gui.main_window - INFO - 正在提取信息...
2025-06-18 01:12:18,875 - gui.main_window - INFO - 检测完成
2025-06-18 01:12:19,321 - gui.main_window - INFO - 正在进行检测...
2025-06-18 01:12:19,322 - gui.main_window - INFO - 正在执行YOLO检测...
2025-06-18 01:12:19,437 - gui.main_window - INFO - 正在绘制检测结果...
2025-06-18 01:12:19,437 - gui.main_window - INFO - 正在提取信息...
2025-06-18 01:12:19,490 - gui.main_window - INFO - 检测完成
2025-06-18 01:12:33,262 - gui.main_window - INFO - 结果已清除
2025-06-18 01:12:33,262 - gui.main_window - INFO - 已加载图像: train_000030.jpg
2025-06-18 01:12:34,807 - gui.main_window - INFO - 正在进行检测...
2025-06-18 01:12:34,808 - gui.main_window - INFO - 正在执行YOLO检测...
2025-06-18 01:12:34,936 - gui.main_window - INFO - 正在绘制检测结果...
2025-06-18 01:12:34,936 - gui.main_window - INFO - 正在提取信息...
2025-06-18 01:12:35,014 - gui.main_window - INFO - 检测完成
2025-06-18 01:12:40,888 - gui.main_window - INFO - 正在进行检测...
2025-06-18 01:12:40,889 - gui.main_window - INFO - 正在执行YOLO检测...
2025-06-18 01:12:41,016 - gui.main_window - INFO - 正在绘制检测结果...
2025-06-18 01:12:41,016 - gui.main_window - INFO - 正在提取信息...
2025-06-18 01:12:41,093 - gui.main_window - INFO - 检测完成
2025-06-18 01:12:41,292 - gui.main_window - INFO - 正在进行检测...
2025-06-18 01:12:41,293 - gui.main_window - INFO - 正在执行YOLO检测...
2025-06-18 01:12:41,406 - gui.main_window - INFO - 正在绘制检测结果...
2025-06-18 01:12:41,406 - gui.main_window - INFO - 正在提取信息...
2025-06-18 01:12:41,479 - gui.main_window - INFO - 检测完成
2025-06-18 01:13:29,728 - gui.main_window - INFO - 结果已清除
2025-06-18 01:13:29,728 - gui.main_window - INFO - 已加载图像: 2.jpg
2025-06-18 01:13:30,905 - gui.main_window - INFO - 正在进行检测...
2025-06-18 01:13:30,906 - gui.main_window - INFO - 正在执行YOLO检测...
2025-06-18 01:13:31,037 - gui.main_window - INFO - 正在绘制检测结果...
2025-06-18 01:13:31,037 - gui.main_window - INFO - 正在提取信息...
2025-06-18 01:13:31,076 - gui.main_window - INFO - 检测完成
2025-06-18 01:13:35,067 - gui.main_window - INFO - 正在进行检测...
2025-06-18 01:13:35,069 - gui.main_window - INFO - 正在执行YOLO检测...
2025-06-18 01:13:35,197 - gui.main_window - INFO - 正在绘制检测结果...
2025-06-18 01:13:35,198 - gui.main_window - INFO - 正在提取信息...
2025-06-18 01:13:35,233 - gui.main_window - INFO - 检测完成
2025-06-18 01:13:35,640 - gui.main_window - INFO - 正在进行检测...
2025-06-18 01:13:35,641 - gui.main_window - INFO - 正在执行YOLO检测...
2025-06-18 01:13:35,758 - gui.main_window - INFO - 正在绘制检测结果...
2025-06-18 01:13:35,758 - gui.main_window - INFO - 正在提取信息...
2025-06-18 01:13:35,795 - gui.main_window - INFO - 检测完成
2025-06-18 01:14:04,678 - gui.main_window - INFO - 结果已清除
2025-06-18 01:14:04,679 - gui.main_window - INFO - 已加载图像: IMG_20241003_145337_jpg.rf.85fc9213f6ae1b923575f9bf138a5d6e.jpg
2025-06-18 01:14:05,370 - gui.main_window - INFO - 正在进行检测...
2025-06-18 01:14:05,371 - gui.main_window - INFO - 正在执行YOLO检测...
2025-06-18 01:14:05,541 - gui.main_window - INFO - 正在绘制检测结果...
2025-06-18 01:14:05,543 - gui.main_window - INFO - 正在提取信息...
2025-06-18 01:14:06,002 - gui.main_window - INFO - 检测完成
2025-06-18 01:14:45,046 - gui.main_window - INFO - 正在进行检测...
2025-06-18 01:14:45,047 - gui.main_window - INFO - 正在执行YOLO检测...
2025-06-18 01:14:45,212 - gui.main_window - INFO - 正在绘制检测结果...
2025-06-18 01:14:45,213 - gui.main_window - INFO - 正在提取信息...
2025-06-18 01:14:45,657 - gui.main_window - INFO - 检测完成
2025-06-18 01:14:46,495 - gui.main_window - INFO - 结果已清除
2025-06-18 01:15:04,589 - gui.main_window - INFO - 结果已清除
2025-06-18 01:15:04,589 - gui.main_window - INFO - 已加载图像: Campbells_0715.jpg
2025-06-18 01:15:07,763 - gui.main_window - INFO - 正在进行检测...
2025-06-18 01:15:07,764 - gui.main_window - INFO - 正在执行YOLO检测...
2025-06-18 01:15:07,903 - gui.main_window - INFO - 正在绘制检测结果...
2025-06-18 01:15:07,903 - gui.main_window - INFO - 正在提取信息...
2025-06-18 01:15:07,992 - gui.main_window - INFO - 检测完成
2025-06-18 01:17:43,878 - gui.main_window - INFO - 用户中断程序
2025-06-18 01:20:04,419 - gui.main_window - INFO - 正在初始化检测引擎...
2025-06-18 01:20:07,112 - gui.main_window - INFO - 检测引擎初始化完成
2025-06-18 01:20:10,658 - gui.main_window - INFO - 结果已清除
2025-06-18 01:20:10,658 - gui.main_window - INFO - 已加载图像: 7-Up_0154.jpg
2025-06-18 01:20:12,329 - gui.main_window - INFO - 正在进行检测...
2025-06-18 01:20:12,330 - gui.main_window - INFO - 正在执行YOLO检测...
2025-06-18 01:20:12,521 - gui.main_window - INFO - 正在绘制检测结果...
2025-06-18 01:20:12,521 - gui.main_window - INFO - 正在提取信息...
2025-06-18 01:20:12,555 - gui.main_window - INFO - 检测完成
2025-06-18 01:20:33,350 - gui.main_window - INFO - 正在初始化检测引擎...
2025-06-18 01:20:35,845 - gui.main_window - INFO - 检测引擎初始化完成
2025-06-18 01:20:36,820 - gui.main_window - INFO - 结果已清除
2025-06-18 01:20:36,821 - gui.main_window - INFO - 已加载图像: 7-Up_0666.jpg
2025-06-18 01:20:38,062 - gui.main_window - INFO - 正在进行检测...
2025-06-18 01:20:38,064 - gui.main_window - INFO - 正在执行YOLO检测...
2025-06-18 01:20:38,225 - gui.main_window - INFO - 正在绘制检测结果...
2025-06-18 01:20:38,225 - gui.main_window - INFO - 正在提取信息...
2025-06-18 01:20:38,319 - gui.main_window - INFO - 检测完成
2025-06-18 01:24:25,932 - gui.main_window - INFO - 正在初始化检测引擎...
2025-06-18 01:24:28,377 - gui.main_window - INFO - 检测引擎初始化完成
2025-06-18 01:24:33,665 - gui.main_window - INFO - 结果已清除
2025-06-18 01:24:33,665 - gui.main_window - INFO - 已加载图像: 7-Up_0044.jpg
2025-06-18 01:24:35,287 - gui.main_window - INFO - 正在进行检测...
2025-06-18 01:24:35,288 - gui.main_window - INFO - 正在执行YOLO检测...
2025-06-18 01:24:35,494 - gui.main_window - INFO - 正在绘制检测结果...
2025-06-18 01:24:35,494 - gui.main_window - INFO - 正在提取信息...
2025-06-18 01:24:35,543 - gui.main_window - INFO - 检测完成
2025-06-18 01:31:19,948 - gui.main_window - INFO - 用户中断程序
2025-06-18 01:31:28,841 - gui.main_window - INFO - 正在初始化检测引擎...
2025-06-18 01:31:31,420 - gui.main_window - INFO - 检测引擎初始化完成
2025-06-18 01:31:32,066 - gui.main_window - INFO - 结果已清除
2025-06-18 01:31:32,068 - gui.main_window - INFO - 已加载图像: 7-Up_0666.jpg
2025-06-18 01:31:33,029 - gui.main_window - INFO - 正在进行检测...
2025-06-18 01:31:33,030 - gui.main_window - INFO - 正在执行YOLO检测...
2025-06-18 01:31:33,174 - gui.main_window - INFO - 正在绘制检测结果...
2025-06-18 01:31:33,174 - gui.main_window - INFO - 正在提取信息...
2025-06-18 01:31:34,561 - gui.main_window - INFO - 检测完成
2025-06-18 01:32:15,809 - gui.main_window - INFO - 结果已清除
2025-06-18 01:32:15,809 - gui.main_window - INFO - 已加载图像: Bacardi_0070.jpg
2025-06-18 01:32:17,322 - gui.main_window - INFO - 正在进行检测...
2025-06-18 01:32:17,323 - gui.main_window - INFO - 正在执行YOLO检测...
2025-06-18 01:32:17,448 - gui.main_window - INFO - 正在绘制检测结果...
2025-06-18 01:32:17,448 - gui.main_window - INFO - 正在提取信息...
2025-06-18 01:32:17,729 - gui.main_window - INFO - 检测完成
2025-06-18 01:52:05,601 - gui.main_window - INFO - 正在初始化检测引擎...
2025-06-18 01:52:08,588 - gui.main_window - INFO - 检测引擎初始化完成
2025-06-18 01:52:58,883 - gui.main_window - INFO - 结果已清除
2025-06-18 01:52:58,886 - gui.main_window - INFO - 已加载图像: 7-Up_0091.jpg
2025-06-18 01:52:59,603 - gui.main_window - INFO - 正在进行检测...
2025-06-18 01:52:59,604 - gui.main_window - INFO - 正在执行YOLO检测...
2025-06-18 01:52:59,817 - gui.main_window - INFO - 正在绘制检测结果...
2025-06-18 01:52:59,817 - gui.main_window - INFO - 正在提取信息...
2025-06-18 01:53:00,974 - gui.main_window - INFO - 检测完成
2025-06-18 01:54:15,498 - gui.main_window - INFO - 正在进行检测...
2025-06-18 01:54:15,498 - gui.main_window - INFO - 正在执行YOLO检测...
2025-06-18 01:54:15,636 - gui.main_window - INFO - 正在绘制检测结果...
2025-06-18 01:54:15,637 - gui.main_window - INFO - 正在提取信息...
2025-06-18 01:54:16,771 - gui.main_window - INFO - 检测完成
2025-06-18 01:54:22,683 - gui.main_window - INFO - 结果已清除
2025-06-18 01:54:24,419 - gui.main_window - INFO - 正在进行检测...
2025-06-18 01:54:24,419 - gui.main_window - INFO - 正在执行YOLO检测...
2025-06-18 01:54:24,551 - gui.main_window - INFO - 正在绘制检测结果...
2025-06-18 01:54:24,551 - gui.main_window - INFO - 正在提取信息...
2025-06-18 01:54:25,633 - gui.main_window - INFO - 检测完成
2025-06-18 01:54:38,686 - gui.main_window - INFO - 正在进行检测...
2025-06-18 01:54:38,687 - gui.main_window - INFO - 正在执行YOLO检测...
2025-06-18 01:54:38,822 - gui.main_window - INFO - 正在绘制检测结果...
2025-06-18 01:54:38,822 - gui.main_window - INFO - 正在提取信息...
2025-06-18 01:54:39,934 - gui.main_window - INFO - 检测完成
2025-06-18 02:36:07,159 - gui.main_window - INFO - 正在初始化检测引擎...
2025-06-18 02:36:09,556 - gui.main_window - INFO - 检测引擎初始化完成
