2025-06-18 02:05:49,741 - gui.pyqt5_main_window - INFO - 正在初始化检测引擎...
2025-06-18 02:05:54,188 - gui.pyqt5_main_window - INFO - 检测引擎初始化完成
2025-06-18 02:06:23,059 - gui.pyqt5_main_window - ERROR - 显示图像失败: type object 'QPixmap' has no attribute 'Format_RGB888'
2025-06-18 02:06:28,157 - gui.pyqt5_main_window - ERROR - 显示图像失败: type object 'QPixmap' has no attribute 'Format_RGB888'
2025-06-18 02:06:29,158 - gui.pyqt5_main_window - INFO - 结果已清除
2025-06-18 02:06:29,159 - gui.pyqt5_main_window - INFO - 已加载图像: COCO_train2014_000000000064.jpg
2025-06-18 02:06:33,233 - gui.pyqt5_main_window - INFO - 正在进行商品检测...
2025-06-18 02:06:33,440 - gui.pyqt5_main_window - INFO - 正在绘制检测结果...
2025-06-18 02:06:33,442 - gui.pyqt5_main_window - INFO - 正在提取信息...
2025-06-18 02:06:35,823 - gui.pyqt5_main_window - ERROR - 显示图像失败: type object 'QPixmap' has no attribute 'Format_RGB888'
2025-06-18 02:06:37,041 - gui.pyqt5_main_window - INFO - 检测完成
2025-06-18 02:06:56,203 - gui.pyqt5_main_window - ERROR - 显示图像失败: type object 'QPixmap' has no attribute 'Format_RGB888'
2025-06-18 02:07:06,412 - gui.pyqt5_main_window - ERROR - 显示图像失败: type object 'QPixmap' has no attribute 'Format_RGB888'
2025-06-18 02:07:09,691 - gui.pyqt5_main_window - INFO - 结果已清除
2025-06-18 02:07:09,692 - gui.pyqt5_main_window - INFO - 已加载图像: COCO_train2014_000000000404.jpg
2025-06-18 02:17:25,163 - gui.pyqt5_main_window - INFO - 正在初始化检测引擎...
2025-06-18 02:17:28,237 - gui.pyqt5_main_window - INFO - 检测引擎初始化完成
2025-06-18 02:18:16,004 - gui.pyqt5_main_window - INFO - 结果已清除
2025-06-18 02:18:16,004 - gui.pyqt5_main_window - INFO - 已加载图像: 01-event-sterling-banner-1_png_jpg.rf.295863df4e334bc754612c3cbe8f6e4f.jpg
2025-06-18 02:18:17,611 - gui.pyqt5_main_window - INFO - 正在进行商品检测...
2025-06-18 02:18:17,829 - gui.pyqt5_main_window - INFO - 正在绘制检测结果...
2025-06-18 02:18:17,831 - gui.pyqt5_main_window - INFO - 正在提取信息...
2025-06-18 02:18:19,462 - gui.pyqt5_main_window - INFO - 检测完成
2025-06-18 02:26:33,796 - gui.pyqt5_main_window - INFO - 正在初始化检测引擎...
2025-06-18 02:26:36,597 - gui.pyqt5_main_window - INFO - 检测引擎初始化完成
2025-06-18 02:27:08,155 - gui.pyqt5_main_window - INFO - 结果已清除
2025-06-18 02:27:08,155 - gui.pyqt5_main_window - INFO - 已加载图像: 7-Up_0044.jpg
2025-06-18 02:27:16,488 - gui.pyqt5_main_window - INFO - 正在进行商品检测...
2025-06-18 02:27:16,684 - gui.pyqt5_main_window - INFO - 正在绘制检测结果...
2025-06-18 02:27:16,685 - gui.pyqt5_main_window - INFO - 正在提取信息...
2025-06-18 02:27:16,983 - gui.pyqt5_main_window - INFO - 检测完成
2025-06-18 02:27:34,345 - gui.pyqt5_main_window - INFO - 结果已清除
2025-06-18 02:27:34,345 - gui.pyqt5_main_window - INFO - 已加载图像: Bacardi_0413.jpg
2025-06-18 02:27:35,313 - gui.pyqt5_main_window - INFO - 正在进行商品检测...
2025-06-18 02:27:35,441 - gui.pyqt5_main_window - INFO - 正在绘制检测结果...
2025-06-18 02:27:35,442 - gui.pyqt5_main_window - INFO - 正在提取信息...
2025-06-18 02:27:36,948 - gui.pyqt5_main_window - INFO - 检测完成
2025-06-18 02:28:50,273 - gui.pyqt5_main_window - INFO - 结果已清除
2025-06-18 02:28:50,273 - gui.pyqt5_main_window - INFO - 已加载图像: train_000000.jpg
2025-06-18 02:28:51,662 - gui.pyqt5_main_window - INFO - 正在进行商品检测...
2025-06-18 02:28:51,797 - gui.pyqt5_main_window - INFO - 正在绘制检测结果...
2025-06-18 02:28:51,797 - gui.pyqt5_main_window - INFO - 正在提取信息...
2025-06-18 02:28:54,506 - gui.pyqt5_main_window - INFO - 检测完成
2025-06-18 02:29:24,349 - gui.pyqt5_main_window - INFO - 正在进行商品检测...
2025-06-18 02:29:24,533 - gui.pyqt5_main_window - INFO - 正在绘制检测结果...
2025-06-18 02:29:24,534 - gui.pyqt5_main_window - INFO - 正在提取信息...
2025-06-18 02:29:29,588 - gui.pyqt5_main_window - INFO - 检测完成
2025-06-18 02:29:30,162 - gui.pyqt5_main_window - INFO - 结果已清除
2025-06-18 02:29:32,015 - gui.pyqt5_main_window - INFO - 正在进行商品检测...
2025-06-18 02:29:32,139 - gui.pyqt5_main_window - INFO - 正在绘制检测结果...
2025-06-18 02:29:32,140 - gui.pyqt5_main_window - INFO - 正在提取信息...
2025-06-18 02:29:34,815 - gui.pyqt5_main_window - INFO - 检测完成
2025-06-18 02:35:02,017 - gui.pyqt5_main_window - INFO - 正在初始化检测引擎...
2025-06-18 02:35:04,646 - gui.pyqt5_main_window - INFO - 检测引擎初始化完成
2025-06-18 02:35:31,259 - gui.pyqt5_main_window - INFO - 结果已清除
2025-06-18 02:35:31,774 - gui.pyqt5_main_window - INFO - 结果已清除
2025-06-18 02:35:31,915 - gui.pyqt5_main_window - INFO - 结果已清除
2025-06-18 02:37:02,077 - gui.pyqt5_main_window - INFO - 正在初始化检测引擎...
2025-06-18 02:37:05,091 - gui.pyqt5_main_window - INFO - 检测引擎初始化完成
2025-06-18 02:37:39,408 - gui.pyqt5_main_window - INFO - 结果已清除
2025-06-18 02:37:39,408 - gui.pyqt5_main_window - INFO - 已加载图像: train_000006.jpg
2025-06-18 02:37:48,722 - gui.pyqt5_main_window - INFO - 正在进行商品检测...
2025-06-18 02:37:48,917 - gui.pyqt5_main_window - INFO - 正在绘制检测结果...
2025-06-18 02:37:48,919 - gui.pyqt5_main_window - INFO - 正在提取信息...
2025-06-18 02:37:49,517 - gui.pyqt5_main_window - INFO - 检测完成
2025-06-18 02:39:16,152 - gui.pyqt5_main_window - INFO - 正在初始化检测引擎...
2025-06-18 02:39:19,006 - gui.pyqt5_main_window - INFO - 检测引擎初始化完成
2025-06-18 02:39:27,020 - gui.pyqt5_main_window - INFO - 结果已清除
2025-06-18 02:39:27,020 - gui.pyqt5_main_window - INFO - 已加载图像: train_000000.jpg
2025-06-18 02:39:31,897 - gui.pyqt5_main_window - INFO - 正在进行商品检测...
2025-06-18 02:39:32,087 - gui.pyqt5_main_window - INFO - 正在绘制检测结果...
2025-06-18 02:39:32,089 - gui.pyqt5_main_window - INFO - 正在提取信息...
2025-06-18 02:39:34,839 - gui.pyqt5_main_window - INFO - 检测完成
2025-06-18 02:49:38,829 - gui.pyqt5_main_window - INFO - 正在初始化检测引擎...
2025-06-18 02:49:42,109 - gui.pyqt5_main_window - INFO - 检测引擎初始化完成
2025-06-18 03:00:18,071 - gui.pyqt5_main_window - INFO - 正在初始化检测引擎...
2025-06-18 03:00:20,707 - gui.pyqt5_main_window - INFO - 检测引擎初始化完成
2025-06-18 03:09:00,789 - gui.pyqt5_main_window - INFO - 正在初始化检测引擎...
2025-06-18 03:09:03,368 - gui.pyqt5_main_window - INFO - 检测引擎初始化完成
2025-06-18 03:09:24,121 - gui.pyqt5_main_window - INFO - 结果已清除
2025-06-18 03:09:24,121 - gui.pyqt5_main_window - INFO - 已加载图像: COCO_train2014_000000000064.jpg
2025-06-18 03:09:32,478 - gui.pyqt5_main_window - INFO - 正在进行商品检测...
2025-06-18 03:09:32,659 - gui.pyqt5_main_window - INFO - 正在绘制检测结果...
2025-06-18 03:09:32,660 - gui.pyqt5_main_window - INFO - 正在提取信息...
2025-06-18 03:09:35,458 - gui.pyqt5_main_window - INFO - 检测完成
2025-06-18 03:09:41,632 - gui.pyqt5_main_window - INFO - 正在进行商品检测...
2025-06-18 03:09:41,760 - gui.pyqt5_main_window - INFO - 正在绘制检测结果...
2025-06-18 03:09:41,760 - gui.pyqt5_main_window - INFO - 正在提取信息...
2025-06-18 03:09:44,450 - gui.pyqt5_main_window - INFO - 检测完成
2025-06-18 03:10:21,576 - gui.pyqt5_main_window - INFO - 正在进行商品检测...
2025-06-18 03:10:21,705 - gui.pyqt5_main_window - INFO - 正在绘制检测结果...
2025-06-18 03:10:21,706 - gui.pyqt5_main_window - INFO - 正在提取信息...
2025-06-18 03:10:24,397 - gui.pyqt5_main_window - INFO - 检测完成
2025-06-18 03:11:27,657 - gui.pyqt5_main_window - INFO - 正在初始化检测引擎...
2025-06-18 03:11:30,397 - gui.pyqt5_main_window - INFO - 检测引擎初始化完成
2025-06-18 03:11:37,907 - gui.pyqt5_main_window - INFO - 结果已清除
2025-06-18 03:11:37,907 - gui.pyqt5_main_window - INFO - 已加载图像: train_000000.jpg
2025-06-18 03:11:39,615 - gui.pyqt5_main_window - INFO - 正在进行商品检测...
2025-06-18 03:11:39,805 - gui.pyqt5_main_window - INFO - 正在绘制检测结果...
2025-06-18 03:11:39,807 - gui.pyqt5_main_window - INFO - 正在提取信息...
2025-06-18 03:11:42,652 - gui.pyqt5_main_window - INFO - 检测完成
2025-06-18 03:11:44,890 - gui.pyqt5_main_window - INFO - 正在进行商品检测...
2025-06-18 03:11:45,022 - gui.pyqt5_main_window - INFO - 正在绘制检测结果...
2025-06-18 03:11:45,022 - gui.pyqt5_main_window - INFO - 正在提取信息...
2025-06-18 03:11:47,853 - gui.pyqt5_main_window - INFO - 检测完成
2025-06-18 03:13:04,943 - gui.pyqt5_main_window - INFO - 正在初始化检测引擎...
2025-06-18 03:13:08,217 - gui.pyqt5_main_window - INFO - 检测引擎初始化完成
2025-06-18 03:13:30,080 - gui.pyqt5_main_window - INFO - 结果已清除
2025-06-18 03:13:30,080 - gui.pyqt5_main_window - INFO - 已加载图像: COCO_train2014_000000000471.jpg
2025-06-18 03:13:33,453 - gui.pyqt5_main_window - INFO - 进度条已显示
2025-06-18 03:13:33,455 - gui.pyqt5_main_window - INFO - 正在进行商品检测...
2025-06-18 03:13:33,629 - gui.pyqt5_main_window - INFO - 正在绘制检测结果...
2025-06-18 03:13:33,631 - gui.pyqt5_main_window - INFO - 正在提取信息...
2025-06-18 03:13:34,516 - gui.pyqt5_main_window - INFO - 检测完成
2025-06-18 03:13:34,516 - gui.pyqt5_main_window - INFO - 进度条已隐藏
2025-06-18 03:13:36,642 - gui.pyqt5_main_window - INFO - 进度条已显示
2025-06-18 03:13:36,645 - gui.pyqt5_main_window - INFO - 正在进行商品检测...
2025-06-18 03:13:36,765 - gui.pyqt5_main_window - INFO - 正在绘制检测结果...
2025-06-18 03:13:36,765 - gui.pyqt5_main_window - INFO - 正在提取信息...
2025-06-18 03:13:37,565 - gui.pyqt5_main_window - INFO - 检测完成
2025-06-18 03:13:37,565 - gui.pyqt5_main_window - INFO - 进度条已隐藏
2025-06-18 03:13:39,466 - gui.pyqt5_main_window - INFO - 进度条已显示
2025-06-18 03:13:39,468 - gui.pyqt5_main_window - INFO - 正在进行商品检测...
2025-06-18 03:13:39,589 - gui.pyqt5_main_window - INFO - 正在绘制检测结果...
2025-06-18 03:13:39,589 - gui.pyqt5_main_window - INFO - 正在提取信息...
2025-06-18 03:13:40,418 - gui.pyqt5_main_window - INFO - 检测完成
2025-06-18 03:13:40,418 - gui.pyqt5_main_window - INFO - 进度条已隐藏
2025-06-18 03:14:15,297 - gui.pyqt5_main_window - INFO - 正在初始化检测引擎...
2025-06-18 03:14:18,162 - gui.pyqt5_main_window - INFO - 检测引擎初始化完成
2025-06-18 03:14:25,624 - gui.pyqt5_main_window - INFO - 结果已清除
2025-06-18 03:14:25,625 - gui.pyqt5_main_window - INFO - 已加载图像: personal_shopping_demo.jpg
2025-06-18 03:14:27,661 - gui.pyqt5_main_window - INFO - 进度条已显示
2025-06-18 03:14:27,663 - gui.pyqt5_main_window - INFO - 正在进行商品检测...
2025-06-18 03:14:27,992 - gui.pyqt5_main_window - INFO - 正在绘制检测结果...
2025-06-18 03:14:27,996 - gui.pyqt5_main_window - INFO - 正在提取信息...
2025-06-18 03:16:03,695 - gui.pyqt5_main_window - INFO - 正在初始化检测引擎...
2025-06-18 03:16:06,569 - gui.pyqt5_main_window - INFO - 检测引擎初始化完成
2025-06-18 03:19:29,384 - gui.pyqt5_main_window - INFO - 正在初始化检测引擎...
2025-06-18 03:19:32,912 - gui.pyqt5_main_window - INFO - 检测引擎初始化完成
2025-06-18 03:22:13,465 - __main__ - INFO - 正在初始化检测引擎...
2025-06-18 03:22:16,254 - __main__ - INFO - 检测引擎初始化完成
2025-06-18 03:24:41,633 - __main__ - INFO - 正在初始化检测引擎...
2025-06-18 03:24:44,303 - __main__ - INFO - 检测引擎初始化完成
2025-06-18 03:25:34,203 - __main__ - INFO - 正在初始化检测引擎...
2025-06-18 03:25:36,815 - __main__ - INFO - 检测引擎初始化完成
2025-06-18 03:28:39,258 - __main__ - INFO - 正在初始化检测引擎...
2025-06-18 03:28:41,875 - __main__ - INFO - 检测引擎初始化完成
2025-06-18 12:25:14,243 - __main__ - INFO - 正在初始化检测引擎...
2025-06-18 12:25:19,770 - __main__ - INFO - 检测引擎初始化完成
2025-06-18 12:26:10,048 - __main__ - INFO - 结果已清除
2025-06-18 12:26:10,048 - __main__ - INFO - 已加载图像: COCO_train2014_000000001386.jpg
2025-06-18 12:26:20,232 - __main__ - INFO - 进度条已显示
2025-06-18 12:26:20,236 - __main__ - INFO - 正在进行商品检测...
2025-06-18 12:26:20,507 - __main__ - INFO - 正在绘制检测结果...
2025-06-18 12:26:20,510 - __main__ - INFO - 正在提取信息...
2025-06-18 12:26:25,566 - __main__ - INFO - 检测完成
2025-06-18 12:26:25,566 - __main__ - INFO - 进度条已隐藏
2025-06-18 12:27:39,226 - __main__ - INFO - 结果已清除
2025-06-18 12:27:39,226 - __main__ - INFO - 已加载图像: IMG_20241003_145509_jpg.rf.b68dcaf172de79d6594d47875d3c9636.jpg
2025-06-18 12:27:44,981 - __main__ - INFO - 进度条已显示
2025-06-18 12:27:44,982 - __main__ - INFO - 正在进行商品检测...
2025-06-18 12:27:45,148 - __main__ - INFO - 正在绘制检测结果...
2025-06-18 12:27:45,149 - __main__ - INFO - 正在提取信息...
2025-06-18 12:27:50,641 - __main__ - INFO - 检测完成
2025-06-18 12:27:50,642 - __main__ - INFO - 进度条已隐藏
2025-06-18 12:36:38,291 - __main__ - INFO - 结果已清除
2025-06-18 12:36:38,291 - __main__ - INFO - 已加载图像: personal_shopping_demo.jpg
2025-06-18 12:36:48,169 - __main__ - INFO - 进度条已显示
2025-06-18 12:36:48,170 - __main__ - INFO - 正在进行商品检测...
2025-06-18 12:36:48,310 - __main__ - INFO - 正在绘制检测结果...
2025-06-18 12:36:48,311 - __main__ - INFO - 正在提取信息...
2025-06-18 12:37:02,064 - __main__ - INFO - 检测完成
2025-06-18 12:37:02,064 - __main__ - INFO - 进度条已隐藏
2025-06-18 12:39:28,305 - __main__ - INFO - 正在初始化检测引擎...
2025-06-18 12:39:31,519 - __main__ - INFO - 检测引擎初始化完成
2025-06-18 12:39:34,864 - __main__ - INFO - 结果已清除
2025-06-18 12:39:34,864 - __main__ - INFO - 已加载图像: personal_shopping_demo.jpg
2025-06-18 12:39:36,953 - __main__ - INFO - 进度条已显示
2025-06-18 12:39:36,954 - __main__ - INFO - 正在进行商品检测...
2025-06-18 12:39:37,161 - __main__ - INFO - 正在绘制检测结果...
2025-06-18 12:39:37,164 - __main__ - INFO - 正在提取信息...
2025-06-18 12:39:50,389 - __main__ - INFO - 检测完成
2025-06-18 12:39:50,389 - __main__ - INFO - 进度条已隐藏
2025-06-18 13:58:08,022 - __main__ - INFO - 正在初始化检测引擎...
2025-06-18 13:58:11,169 - __main__ - INFO - 检测引擎初始化完成
2025-06-18 13:58:23,982 - __main__ - INFO - 结果已清除
2025-06-18 13:58:23,982 - __main__ - INFO - 已加载图像: oreo.jpg
2025-06-18 13:58:30,655 - __main__ - INFO - 进度条已显示
2025-06-18 13:58:30,657 - __main__ - INFO - 正在进行商品检测...
2025-06-18 13:58:30,829 - __main__ - INFO - 正在绘制检测结果...
2025-06-18 13:58:30,830 - __main__ - INFO - 正在提取信息...
2025-06-18 13:58:32,801 - __main__ - INFO - 检测完成
2025-06-18 13:58:32,802 - __main__ - INFO - 进度条已隐藏
2025-06-18 14:02:29,594 - __main__ - INFO - 正在初始化检测引擎...
2025-06-18 14:02:32,527 - __main__ - INFO - 检测引擎初始化完成
2025-06-18 14:02:37,941 - __main__ - INFO - 结果已清除
2025-06-18 14:02:37,941 - __main__ - INFO - 已加载图像: oreo.jpg
2025-06-18 14:02:41,385 - __main__ - INFO - 进度条已显示
2025-06-18 14:02:41,386 - __main__ - INFO - 正在进行商品检测...
2025-06-18 14:02:41,567 - __main__ - INFO - 正在绘制检测结果...
2025-06-18 14:02:41,569 - __main__ - INFO - 正在提取信息...
2025-06-18 14:02:43,548 - __main__ - INFO - 检测完成
2025-06-18 14:02:43,549 - __main__ - INFO - 进度条已隐藏
2025-06-18 14:03:37,092 - __main__ - INFO - 结果已清除
2025-06-18 14:03:37,092 - __main__ - INFO - 已加载图像: miranda.jpg
2025-06-18 14:03:40,900 - __main__ - INFO - 进度条已显示
2025-06-18 14:03:40,902 - __main__ - INFO - 正在进行商品检测...
2025-06-18 14:03:41,004 - __main__ - INFO - 正在绘制检测结果...
2025-06-18 14:03:41,005 - __main__ - INFO - 正在提取信息...
2025-06-18 14:03:42,991 - __main__ - INFO - 检测完成
2025-06-18 14:03:42,991 - __main__ - INFO - 进度条已隐藏
2025-06-18 14:05:02,241 - __main__ - INFO - 结果已清除
2025-06-18 14:05:02,241 - __main__ - INFO - 已加载图像: oreo.jpg
2025-06-18 14:05:05,943 - __main__ - INFO - 进度条已显示
2025-06-18 14:05:05,946 - __main__ - INFO - 正在进行商品检测...
2025-06-18 14:05:06,042 - __main__ - INFO - 正在绘制检测结果...
2025-06-18 14:05:06,043 - __main__ - INFO - 正在提取信息...
2025-06-18 14:05:07,973 - __main__ - INFO - 检测完成
2025-06-18 14:05:07,973 - __main__ - INFO - 进度条已隐藏
2025-06-18 14:08:39,681 - __main__ - INFO - 正在初始化检测引擎...
2025-06-18 14:08:43,032 - __main__ - INFO - 检测引擎初始化完成
2025-06-18 14:08:46,971 - __main__ - INFO - 结果已清除
2025-06-18 14:08:46,971 - __main__ - INFO - 已加载图像: coke.jpg
2025-06-18 14:08:51,941 - __main__ - INFO - 进度条已显示
2025-06-18 14:08:51,942 - __main__ - INFO - 正在进行商品检测...
2025-06-18 14:08:52,106 - __main__ - INFO - 正在绘制检测结果...
2025-06-18 14:08:52,109 - __main__ - INFO - 正在提取信息...
2025-06-18 14:08:54,375 - __main__ - INFO - 检测完成
2025-06-18 14:08:54,375 - __main__ - INFO - 进度条已隐藏
2025-06-18 14:12:04,861 - __main__ - INFO - 正在初始化检测引擎...
2025-06-18 14:12:08,009 - __main__ - INFO - 检测引擎初始化完成
2025-06-18 14:12:12,203 - __main__ - INFO - 结果已清除
2025-06-18 14:12:12,204 - __main__ - INFO - 已加载图像: image.png
2025-06-18 14:12:17,512 - __main__ - INFO - 进度条已显示
2025-06-18 14:12:17,515 - __main__ - INFO - 正在进行商品检测...
2025-06-18 14:12:17,699 - __main__ - INFO - 正在绘制检测结果...
2025-06-18 14:12:17,701 - __main__ - INFO - 正在提取信息...
2025-06-18 14:12:19,293 - __main__ - INFO - 检测完成
2025-06-18 14:12:19,293 - __main__ - INFO - 进度条已隐藏
2025-06-18 14:14:39,904 - __main__ - INFO - 正在初始化检测引擎...
2025-06-18 14:14:42,828 - __main__ - INFO - 检测引擎初始化完成
2025-06-18 14:14:46,332 - __main__ - INFO - 结果已清除
2025-06-18 14:14:46,333 - __main__ - INFO - 已加载图像: 7up.jpg
2025-06-18 14:14:50,028 - __main__ - INFO - 进度条已显示
2025-06-18 14:14:50,030 - __main__ - INFO - 正在进行商品检测...
2025-06-18 14:14:50,198 - __main__ - INFO - 正在绘制检测结果...
2025-06-18 14:14:50,200 - __main__ - INFO - 正在提取信息...
2025-06-18 14:14:53,166 - __main__ - INFO - 检测完成
2025-06-18 14:14:53,166 - __main__ - INFO - 进度条已隐藏
2025-06-18 14:23:54,642 - __main__ - INFO - 正在初始化检测引擎...
2025-06-18 14:23:57,806 - __main__ - INFO - 检测引擎初始化完成
2025-06-18 14:24:01,005 - __main__ - INFO - 结果已清除
2025-06-18 14:24:01,005 - __main__ - INFO - 已加载图像: 7up.jpg
2025-06-18 14:24:03,783 - __main__ - INFO - 进度条已显示
2025-06-18 14:24:03,785 - __main__ - INFO - 正在进行商品检测...
2025-06-18 14:24:03,935 - __main__ - INFO - 正在绘制检测结果...
2025-06-18 14:24:03,937 - __main__ - INFO - 正在提取信息...
2025-06-18 14:24:06,909 - __main__ - INFO - 检测完成
2025-06-18 14:24:06,909 - __main__ - INFO - 进度条已隐藏
2025-06-18 14:24:17,875 - __main__ - INFO - 结果已清除
2025-06-18 14:24:17,875 - __main__ - INFO - 已加载图像: coke.jpg
2025-06-18 14:24:19,288 - __main__ - INFO - 进度条已显示
2025-06-18 14:24:19,290 - __main__ - INFO - 正在进行商品检测...
2025-06-18 14:24:19,360 - __main__ - INFO - 正在绘制检测结果...
2025-06-18 14:24:19,361 - __main__ - INFO - 正在提取信息...
2025-06-18 14:24:24,518 - __main__ - INFO - 检测完成
2025-06-18 14:24:24,518 - __main__ - INFO - 进度条已隐藏
2025-06-18 14:30:39,983 - __main__ - INFO - 正在初始化检测引擎...
2025-06-18 14:30:42,828 - __main__ - INFO - 检测引擎初始化完成
2025-06-18 14:41:49,303 - __main__ - INFO - 正在初始化检测引擎...
2025-06-18 14:41:52,102 - __main__ - INFO - 检测引擎初始化完成
2025-06-18 14:44:48,076 - __main__ - INFO - 正在初始化检测引擎...
2025-06-18 14:44:51,004 - __main__ - INFO - 检测引擎初始化完成
2025-06-18 14:46:39,251 - __main__ - INFO - 正在初始化检测引擎...
2025-06-18 14:46:42,168 - __main__ - INFO - 检测引擎初始化完成
2025-06-18 14:46:56,798 - __main__ - INFO - 正在初始化检测引擎...
2025-06-18 14:46:59,867 - __main__ - INFO - 检测引擎初始化完成
2025-06-18 14:47:31,736 - __main__ - INFO - 正在初始化检测引擎...
2025-06-18 14:47:34,484 - __main__ - INFO - 检测引擎初始化完成
2025-06-18 14:47:48,934 - __main__ - INFO - 正在初始化检测引擎...
2025-06-18 14:47:51,647 - __main__ - INFO - 检测引擎初始化完成
2025-06-18 14:48:11,666 - __main__ - INFO - 正在初始化检测引擎...
2025-06-18 14:48:14,446 - __main__ - INFO - 检测引擎初始化完成
2025-06-18 14:48:36,194 - __main__ - INFO - 正在初始化检测引擎...
2025-06-18 14:49:26,605 - __main__ - INFO - 正在初始化检测引擎...
2025-06-18 14:49:29,673 - __main__ - INFO - 检测引擎初始化完成
2025-06-18 14:49:49,476 - __main__ - INFO - 正在初始化检测引擎...
2025-06-18 14:49:52,279 - __main__ - INFO - 检测引擎初始化完成
2025-06-18 14:50:03,590 - __main__ - INFO - 正在初始化检测引擎...
2025-06-18 14:50:06,437 - __main__ - INFO - 检测引擎初始化完成
