2025-06-19 19:34:51,656 - __main__ - INFO - 正在初始化检测引擎...
2025-06-19 19:34:54,396 - __main__ - INFO - 检测引擎初始化完成
2025-06-19 19:35:19,694 - __main__ - INFO - 结果已清除
2025-06-19 19:35:19,694 - __main__ - INFO - 已加载图像: personal_shopping_demo.jpg
2025-06-19 19:35:21,494 - __main__ - INFO - 进度条已显示
2025-06-19 19:35:21,495 - __main__ - INFO - 正在进行商品检测...
2025-06-19 19:35:21,637 - __main__ - INFO - 正在绘制检测结果...
2025-06-19 19:35:21,639 - __main__ - INFO - 正在提取信息...
2025-06-19 19:35:35,599 - __main__ - INFO - 检测完成
2025-06-19 19:35:35,600 - __main__ - INFO - 进度条已隐藏
2025-06-19 19:48:03,654 - gui.pyqt5_main_window - INFO - 正在初始化检测引擎...
2025-06-19 19:48:06,314 - gui.pyqt5_main_window - INFO - 检测引擎初始化完成
2025-06-19 19:48:23,125 - gui.pyqt5_main_window - INFO - 结果已清除
2025-06-19 19:48:23,125 - gui.pyqt5_main_window - INFO - 已加载图像: personal_shopping_demo.jpg
2025-06-19 19:48:25,508 - gui.pyqt5_main_window - INFO - 进度条已显示
2025-06-19 19:48:25,509 - gui.pyqt5_main_window - INFO - 正在进行商品检测...
2025-06-19 19:48:25,691 - gui.pyqt5_main_window - INFO - 正在绘制检测结果...
2025-06-19 19:48:25,692 - gui.pyqt5_main_window - INFO - 正在提取信息...
2025-06-19 19:48:39,970 - gui.pyqt5_main_window - INFO - 检测完成
2025-06-19 19:48:39,971 - gui.pyqt5_main_window - INFO - 进度条已隐藏
2025-06-19 19:53:24,043 - gui.pyqt5_main_window - INFO - 正在初始化检测引擎...
2025-06-19 19:53:26,640 - gui.pyqt5_main_window - INFO - 检测引擎初始化完成
2025-06-19 19:54:08,050 - gui.pyqt5_main_window - INFO - 结果已清除
2025-06-19 19:54:08,050 - gui.pyqt5_main_window - INFO - 已加载图像: personal_shopping_demo.jpg
2025-06-19 19:54:11,242 - gui.pyqt5_main_window - INFO - 进度条已显示
2025-06-19 19:54:11,244 - gui.pyqt5_main_window - INFO - 正在进行商品检测...
2025-06-19 19:54:11,431 - gui.pyqt5_main_window - INFO - 正在绘制检测结果...
2025-06-19 19:54:11,432 - gui.pyqt5_main_window - INFO - 正在提取信息...
2025-06-19 19:54:25,387 - gui.pyqt5_main_window - INFO - 检测完成
2025-06-19 19:54:25,387 - gui.pyqt5_main_window - INFO - 进度条已隐藏
2025-06-19 19:54:27,606 - gui.pyqt5_main_window - INFO - 正在进行健康分析...
2025-06-19 20:02:46,963 - gui.pyqt5_main_window - INFO - 健康分析完成
2025-06-19 20:03:28,884 - gui.pyqt5_main_window - INFO - 正在进行健康分析...
2025-06-19 20:03:43,594 - gui.pyqt5_main_window - INFO - 健康分析完成
2025-06-19 20:03:49,589 - gui.pyqt5_main_window - INFO - 正在初始化检测引擎...
2025-06-19 20:03:52,293 - gui.pyqt5_main_window - INFO - 检测引擎初始化完成
2025-06-19 20:03:55,008 - gui.pyqt5_main_window - INFO - 结果已清除
2025-06-19 20:03:55,008 - gui.pyqt5_main_window - INFO - 已加载图像: personal_shopping_demo.jpg
2025-06-19 20:03:57,632 - gui.pyqt5_main_window - INFO - 进度条已显示
2025-06-19 20:03:57,635 - gui.pyqt5_main_window - INFO - 正在进行商品检测...
2025-06-19 20:03:57,769 - gui.pyqt5_main_window - INFO - 正在绘制检测结果...
2025-06-19 20:03:57,769 - gui.pyqt5_main_window - INFO - 正在提取信息...
2025-06-19 20:04:11,610 - gui.pyqt5_main_window - INFO - 检测完成
2025-06-19 20:04:11,610 - gui.pyqt5_main_window - INFO - 进度条已隐藏
2025-06-19 20:04:19,767 - gui.pyqt5_main_window - INFO - 正在进行健康分析...
2025-06-19 20:04:33,117 - gui.pyqt5_main_window - INFO - 健康分析完成
2025-06-19 20:48:55,486 - gui.pyqt5_main_window - INFO - 已设置窗口图标: F:\F Download\cv_test\assets\icons\app_icon_32x32.png
2025-06-19 20:48:56,125 - gui.pyqt5_main_window - INFO - 已设置状态栏图标: F:\F Download\cv_test\assets\icons\status_icon_16x16.png
2025-06-19 20:48:56,127 - gui.pyqt5_main_window - INFO - 正在初始化检测引擎...
2025-06-19 20:48:58,563 - gui.pyqt5_main_window - INFO - 检测引擎初始化完成
2025-06-19 20:49:26,536 - gui.pyqt5_main_window - INFO - 结果已清除
2025-06-19 20:49:26,536 - gui.pyqt5_main_window - INFO - 已加载图像: personal_shopping_demo.jpg
2025-06-19 20:49:29,923 - gui.pyqt5_main_window - INFO - 进度条已显示
2025-06-19 20:49:29,925 - gui.pyqt5_main_window - INFO - 正在进行商品检测...
2025-06-19 20:49:30,079 - gui.pyqt5_main_window - INFO - 正在绘制检测结果...
2025-06-19 20:49:30,144 - gui.pyqt5_main_window - INFO - 正在提取信息...
2025-06-19 20:49:43,301 - gui.pyqt5_main_window - INFO - 检测完成
2025-06-19 20:49:43,301 - gui.pyqt5_main_window - INFO - 进度条已隐藏
2025-06-19 20:49:54,390 - gui.pyqt5_main_window - INFO - 正在进行健康分析...
2025-06-19 20:50:04,035 - gui.pyqt5_main_window - INFO - 健康分析完成
